<?xml version="1.0" encoding="UTF-8" ?>
<testsuite tests="5" failures="0" name="se.nackademin.rest.test.TestPut" time="2.35" errors="1" skipped="0">
  <properties>
[...]
</properties>
  <testcase classname="se.nackademin.rest.test.TestPut" name="testUpdateBook" time="2.235">
    <error message="se.nackademin.rest.test.BookOperations.updateBook(I)Lcom/jayway/restassured/response/Response;" type="java.lang.NoSuchMethodError">java.lang.NoSuchMethodError: se.nackademin.rest.test.BookOperations.updateBook(I)Lcom/jayway/restassured/response/Response;
	at se.nackademin.rest.test.TestPut.testUpdateBook(TestPut.java:31)
	at sun.reflect.NativeMethodAccessorImpl.invoke0(Native Method)
	at sun.reflect.NativeMethodAccessorImpl.invoke(NativeMethodAccessorImpl.java:62)
	at sun.reflect.DelegatingMethodAccessorImpl.invoke(DelegatingMethodAccessorImpl.java:43)
	at java.lang.reflect.Method.invoke(Method.java:498)
	at org.junit.runners.model.FrameworkMethod$1.runReflectiveCall(FrameworkMethod.java:50)
	at org.junit.internal.runners.model.ReflectiveCallable.run(ReflectiveCallable.java:12)
	at org.junit.runners.model.FrameworkMethod.invokeExplosively(FrameworkMethod.java:47)
	at org.junit.internal.runners.statements.InvokeMethod.evaluate(InvokeMethod.java:17)
	at org.junit.runners.ParentRunner.runLeaf(ParentRunner.java:325)
	at org.junit.runners.BlockJUnit4ClassRunner.runChild(BlockJUnit4ClassRunner.java:78)
	at org.junit.runners.BlockJUnit4ClassRunner.runChild(BlockJUnit4ClassRunner.java:57)
	at org.junit.runners.ParentRunner$3.run(ParentRunner.java:290)
	at org.junit.runners.ParentRunner$1.schedule(ParentRunner.java:71)
	at org.junit.runners.ParentRunner.runChildren(ParentRunner.java:288)
	at org.junit.runners.ParentRunner.access$000(ParentRunner.java:58)
	at org.junit.runners.ParentRunner$2.evaluate(ParentRunner.java:268)
	at org.junit.runners.ParentRunner.run(ParentRunner.java:363)
	at org.apache.maven.surefire.junit4.JUnit4TestSet.execute(JUnit4TestSet.java:53)
	at org.apache.maven.surefire.junit4.JUnit4Provider.executeTestSet(JUnit4Provider.java:123)
	at org.apache.maven.surefire.junit4.JUnit4Provider.invoke(JUnit4Provider.java:104)
	at sun.reflect.NativeMethodAccessorImpl.invoke0(Native Method)
	at sun.reflect.NativeMethodAccessorImpl.invoke(NativeMethodAccessorImpl.java:62)
	at sun.reflect.DelegatingMethodAccessorImpl.invoke(DelegatingMethodAccessorImpl.java:43)
	at java.lang.reflect.Method.invoke(Method.java:498)
	at org.apache.maven.surefire.util.ReflectionUtils.invokeMethodWithArray(ReflectionUtils.java:164)
	at org.apache.maven.surefire.booter.ProviderFactory$ProviderProxy.invoke(ProviderFactory.java:110)
	at org.apache.maven.surefire.booter.SurefireStarter.invokeProvider(SurefireStarter.java:175)
	at org.apache.maven.surefire.booter.SurefireStarter.runSuitesInProcessWhenForked(SurefireStarter.java:107)
	at org.apache.maven.surefire.booter.ForkedBooter.main(ForkedBooter.java:68)
</error>
    <system-out>HTTP/1.1 200 OK
Server: Apache-Coyote/1.1
Content-Type: application/json
Transfer-Encoding: chunked
Date: Mon, 02 May 2016 21:03:30 GMT

{
    &quot;books&quot;: {
        &quot;book&quot;: [
            {
                &quot;author&quot;: {
                    &quot;id&quot;: 2,
                    &quot;name&quot;: &quot;Neil Gaiman&quot;
                },
                &quot;description&quot;: &quot;Coraline Jones and her parents move into an old house that has been divided into flats. The other tenants include Miss Spink and Miss Forcible, two elderly women retired from the stage, and Mr. Bobinsky, initially referred to as \&quot;the crazy old man upstairs\&quot;, who claims to be training a mouse circus. The flat beside Coraline&apos;s is unoccupied.&quot;,
                &quot;id&quot;: 9,
                &quot;isbn&quot;: &quot;0-06-113937-8&quot;,
                &quot;nbOfPage&quot;: 163,
                &quot;title&quot;: &quot;Coraline&quot;
            },
            {
                &quot;author&quot;: [
                    {
                        &quot;id&quot;: 4,
                        &quot;name&quot;: &quot;Arthur C. Clarke&quot;
                    },
                    {
                        &quot;id&quot;: 5,
                        &quot;name&quot;: &quot;Stephen Baxter&quot;
                    }
                ],
                &quot;description&quot;: &quot;The story opens with two hominids, probably Homo erectus, known as &apos;Seeker&apos;, a mother, and her infant daughter &apos;Grasper&apos;. As they walked on the tranquil Earth two million years ago, they were suddenly captured by some blood-red beings, who turn out to be nineteenth-century British redcoat soldiers.&quot;,
                &quot;id&quot;: 4,
                &quot;isbn&quot;: &quot;0-00-713846-6&quot;,
                &quot;nbOfPage&quot;: 392,
                &quot;title&quot;: &quot;Time&apos;s Eye&quot;
            },
            {
                &quot;author&quot;: {
                    &quot;id&quot;: 4,
                    &quot;name&quot;: &quot;Arthur C. Clarke&quot;
                },
                &quot;description&quot;: &quot;In the background to the story in the book, an ancient and unseen alien race uses a device with the appearance of a large crystalline monolith to investigate worlds all across the galaxy and, if possible, to encourage the development of intelligent life.&quot;,
                &quot;id&quot;: 5,
                &quot;isbn&quot;: &quot;0-453-00269-2&quot;,
                &quot;nbOfPage&quot;: 221,
                &quot;title&quot;: &quot;2001: A Space Odyssey&quot;
            },
            {
                &quot;author&quot;: {
                    &quot;id&quot;: 2,
                    &quot;name&quot;: &quot;Neil Gaiman&quot;
                },
                &quot;description&quot;: &quot;The central premise of the novel is that gods and mythological creatures exist because people believe in them (a form of thoughtform). Immigrants to the United States brought with them spirits and gods. However, the power of these mythological beings has diminished as people&apos;s beliefs wane. New gods have arisen, reflecting America&apos;s obsessions with media, celebrity, technology, and drugs, among others.&quot;,
                &quot;id&quot;: 8,
                &quot;isbn&quot;: &quot;0-380-97365-0&quot;,
                &quot;nbOfPage&quot;: 465,
                &quot;title&quot;: &quot;American Gods&quot;
            },
            {
                &quot;author&quot;: {
                    &quot;id&quot;: 1,
                    &quot;name&quot;: &quot;Margaret Atwood&quot;
                },
                &quot;description&quot;: &quot;The novel focuses on a post-apocalyptic character named Snowman, living near a group of primitive human-like creatures whom he calls Crakers.&quot;,
                &quot;id&quot;: 1,
                &quot;isbn&quot;: &quot;0-7710-0868-6&quot;,
                &quot;nbOfPage&quot;: 411,
                &quot;title&quot;: &quot;Oryx and Crake&quot;
            },
            {
                &quot;author&quot;: {
                    &quot;id&quot;: 3,
                    &quot;name&quot;: &quot;Terry Pratchett&quot;
                },
                &quot;description&quot;: &quot;The story follows a plot by a secret brotherhood, the Unique and Supreme Lodge of the Elucidated Brethren of the Ebon Night, to overthrow the Patrician of Ankh-Morpork and install a puppet king, under the control of the Supreme Grand Master. Using a stolen magic book, they summon a dragon to strike fear into the people of Ankh-Morpork.&quot;,
                &quot;id&quot;: 3,
                &quot;isbn&quot;: &quot;0-575-04606-6&quot;,
                &quot;nbOfPage&quot;: 288,
                &quot;title&quot;: &quot;Guards! Guards!&quot;
            },
            {
                &quot;author&quot;: [
                    {
                        &quot;id&quot;: 2,
                        &quot;name&quot;: &quot;Neil Gaiman&quot;
                    },
                    {
                        &quot;id&quot;: 3,
                        &quot;name&quot;: &quot;Terry Pratchett&quot;
                    }
                ],
                &quot;description&quot;: &quot;It is the coming of the End Times: the Apocalypse is near, and Final Judgement will soon descend upon the human species. This comes as a bit of bad news to the angel Aziraphale (who was the guardian of the Eastern Gate of Eden) and the demon Crowley (who, when he was originally named Crawly, was the serpent who tempted Eve to eat the apple), respectively the representatives of Heaven and Hell on Earth, as they have become used to living their cozy, comfortable lives and have, in a perverse way, taken a liking to humanity.&quot;,
                &quot;id&quot;: 2,
                &quot;isbn&quot;: &quot;0-575-04800-X&quot;,
                &quot;nbOfPage&quot;: 288,
                &quot;title&quot;: &quot;Good Omens&quot;
            },
            {
                &quot;author&quot;: {
                    &quot;id&quot;: 2,
                    &quot;name&quot;: &quot;Neil Gaiman&quot;
                },
                &quot;description&quot;: &quot;Anansi Boys is the story of Charles \&quot;Fat Charlie\&quot; Nancy, a timid Londoner devoid of ambition, whose unenthusiastic wedding preparations are disrupted when he learns of his father&apos;s death in Florida. The flamboyant Mr. Nancy, in whose shadow Fat Charlie has always lived, died in a typically embarrassing manner by suffering a fatal heart attack while singing to a young woman on stage in a karaoke bar.&quot;,
                &quot;id&quot;: 10,
                &quot;isbn&quot;: &quot;0-06-051518-X&quot;,
                &quot;nbOfPage&quot;: 400,
                &quot;title&quot;: &quot;Anansi Boys&quot;
            },
            {
                &quot;author&quot;: {
                    &quot;id&quot;: 4,
                    &quot;name&quot;: &quot;Arthur C. Clarke&quot;
                },
                &quot;description&quot;: &quot;After a meteorite falls in Northeast Italy in 2077, creating a major disaster, the government of Earth sets up the Spaceguard system as an early warning of arrivals from deep space.&quot;,
                &quot;id&quot;: 6,
                &quot;isbn&quot;: &quot;0-575-01587-X&quot;,
                &quot;nbOfPage&quot;: 256,
                &quot;title&quot;: &quot;Rendezvous with Rama&quot;
            },
            {
                &quot;author&quot;: {
                    &quot;id&quot;: 2,
                    &quot;name&quot;: &quot;Neil Gaiman&quot;
                },
                &quot;description&quot;: &quot;Neverwhere is the story of Richard Mayhew and his trials and tribulations in London. At the start of the story, he is a young businessman, recently moved from Scotland and with a normal life ahead. This breaks, however, when he stops to help a mysterious young girl who appears before him, bleeding and weakened, as he walks with his fiancée to dinner to meet her influential boss.&quot;,
                &quot;id&quot;: 7,
                &quot;isbn&quot;: &quot;0-7472-6668-9&quot;,
                &quot;nbOfPage&quot;: 387,
                &quot;title&quot;: &quot;Neverwhere&quot;
            },
            {
                &quot;description&quot;: &quot;cba3852a-081f-4a16-b966-404bf89171a8&quot;,
                &quot;id&quot;: 11,
                &quot;isbn&quot;: &quot;b27809f1-f9eb-43f1-bfb2-ae7a96f7a3e7&quot;,
                &quot;nbOfPage&quot;: 261,
                &quot;title&quot;: &quot;8718b654-14d9-4d5f-ac64-8fe8a56653fe&quot;
            },
            {
                &quot;description&quot;: &quot;89d8a4f1-9062-4f30-a7c0-687d664a147f&quot;,
                &quot;id&quot;: 12,
                &quot;isbn&quot;: &quot;576867ce-33b6-4c3a-a66a-f47baf516818&quot;,
                &quot;nbOfPage&quot;: 408,
                &quot;title&quot;: &quot;87a72850-7328-4482-b1d1-c6537feaa58c&quot;
            },
            {
                &quot;description&quot;: &quot;f9317653-39ab-440a-aecf-632de3fee11e&quot;,
                &quot;id&quot;: 14,
                &quot;isbn&quot;: &quot;21d9729b-265b-4762-af0a-0307a909decc&quot;,
                &quot;nbOfPage&quot;: 61,
                &quot;title&quot;: &quot;93b6a43c-a86b-4527-9ee7-8d82b5be1caa&quot;
            },
            {
                &quot;description&quot;: &quot;Hello&quot;,
                &quot;id&quot;: 16,
                &quot;isbn&quot;: 123123,
                &quot;nbOfPage&quot;: 2356,
                &quot;title&quot;: &quot;Happy&quot;
            },
            {
                &quot;description&quot;: &quot;Hello&quot;,
                &quot;id&quot;: 17,
                &quot;isbn&quot;: 123123,
                &quot;nbOfPage&quot;: 2356,
                &quot;title&quot;: &quot;Happy&quot;
            },
            {
                &quot;description&quot;: &quot;Hello&quot;,
                &quot;id&quot;: 18,
                &quot;isbn&quot;: 123123,
                &quot;nbOfPage&quot;: 2356,
                &quot;title&quot;: &quot;Happy&quot;
            },
            {
                &quot;description&quot;: &quot;Hello&quot;,
                &quot;id&quot;: 19,
                &quot;isbn&quot;: 123123,
                &quot;nbOfPage&quot;: 2356,
                &quot;title&quot;: &quot;Happy&quot;
            },
            {
                &quot;description&quot;: &quot;89309228-1aeb-46df-951f-80b1a0a3753e&quot;,
                &quot;id&quot;: 20,
                &quot;isbn&quot;: &quot;efc32163-da40-4374-ac8f-ec60ffacd0b0&quot;,
                &quot;nbOfPage&quot;: 58,
                &quot;title&quot;: &quot;8405c111-4ca3-4266-8d0d-1e290f422c25&quot;
            }
        ]
    }
}
</system-out>
  </testcase>
  <testcase classname="se.nackademin.rest.test.TestPut" name="testBook400" time="0.002"/>
  <testcase classname="se.nackademin.rest.test.TestPut" name="testBook404" time="0"/>
  <testcase classname="se.nackademin.rest.test.TestPut" name="testUpdateAuthors" time="0"/>
  <testcase classname="se.nackademin.rest.test.TestPut" name="testUpdateBooksAuthor" time="0"/>
</testsuite>